<?xml version="1.0" encoding="UTF-8"?>
<!-- Generated by org.testng.reporters.JUnitXMLReporter -->
<testsuite ignored="3" hostname="Vamika" failures="0" tests="2" name="ChromeTest" time="40.194" errors="0" timestamp="2025-02-26T12:48:40 IST">
  <testcase classname="test_script.LoginTest" name="verifyTheUserIsAbleToLoginUsingValidCredentials" time="3.304">
    <skipped/>
  </testcase> <!-- verifyTheUserIsAbleToLoginUsingValidCredentials -->
  <testcase classname="test_script.LoginTest" name="verifyTheUserIsAbleToLoginUsingValidCredentials" time="11.995"/>
  <testcase classname="test_script.LoginTest" name="verifyTheUserIsAbleToLoginUsingInvalidUsernameInvalidPassword" time="0.0">
    <ignored/>
  </testcase> <!-- verifyTheUserIsAbleToLoginUsingInvalidUsernameInvalidPassword -->
  <testcase classname="test_script.LoginTest" name="verifyTheUserIsAbleToLoginUsingInvalidUsernameValidPassword" time="0.0">
    <ignored/>
  </testcase> <!-- verifyTheUserIsAbleToLoginUsingInvalidUsernameValidPassword -->
  <testcase classname="test_script.LoginTest" name="verifyTheUserIsAbleToLoginUsingValidUsernameInvalidPassword" time="0.0">
    <ignored/>
  </testcase> <!-- verifyTheUserIsAbleToLoginUsingValidUsernameInvalidPassword -->
</testsuite> <!-- ChromeTest -->
