<?xml version="1.0" encoding="UTF-8"?>
<!-- Generated by org.testng.reporters.JUnitXMLReporter -->
<testsuite ignored="3" hostname="Vamika" failures="0" tests="1" name="Edge Test" time="41.563" errors="0" timestamp="2025-02-28T07:33:17 IST">
  <testcase classname="test_script.LoginTest" name="verifyTheUserIsAbleToLoginUsingValidCredentials" time="11.502"/>
  <testcase classname="test_script.LoginTest" name="verifyTheUserIsAbleToLoginUsingInvalidUsernameValidPassword" time="0.0">
    <ignored/>
  </testcase> <!-- verifyTheUserIsAbleToLoginUsingInvalidUsernameValidPassword -->
  <testcase classname="test_script.LoginTest" name="verifyTheUserIsAbleToLoginUsingValidUsernameInvalidPassword" time="0.0">
    <ignored/>
  </testcase> <!-- verifyTheUserIsAbleToLoginUsingValidUsernameInvalidPassword -->
  <testcase classname="test_script.LoginTest" name="verifyTheUserIsAbleToLoginUsingInvalidUsernameInvalidPassword" time="0.0">
    <ignored/>
  </testcase> <!-- verifyTheUserIsAbleToLoginUsingInvalidUsernameInvalidPassword -->
</testsuite> <!-- Edge Test -->
