<?xml version="1.0" encoding="UTF-8"?>
<testng-results ignored="0" total="1" passed="1" failed="0" skipped="0">
  <reporter-output>
  </reporter-output>
  <suite started-at="2025-02-19T07:51:36 IST" name="Default suite" finished-at="2025-02-19T07:51:47 IST" duration-ms="10534">
    <groups>
    </groups>
    <test started-at="2025-02-19T07:51:36 IST" name="Default test" finished-at="2025-02-19T07:51:47 IST" duration-ms="10534">
      <class name="test_script.ManageNewsTest">
        <test-method is-config="true" signature="initialBrowse()[pri:0, instance:test_script.ManageNewsTest@6fdbe764]" started-at="2025-02-19T07:51:36 IST" name="initialBrowse" finished-at="2025-02-19T07:51:42 IST" duration-ms="5689" status="PASS">
          <reporter-output>
          </reporter-output>
        </test-method> <!-- initialBrowse -->
        <test-method signature="verifyThatUserCanCreateNewsSuccessfully()[pri:0, instance:test_script.ManageNewsTest@6fdbe764]" started-at="2025-02-19T07:51:42 IST" name="verifyThatUserCanCreateNewsSuccessfully" finished-at="2025-02-19T07:51:46 IST" duration-ms="3948" status="PASS">
          <reporter-output>
          </reporter-output>
        </test-method> <!-- verifyThatUserCanCreateNewsSuccessfully -->
        <test-method is-config="true" signature="driverQuitandClose()[pri:0, instance:test_script.ManageNewsTest@6fdbe764]" started-at="2025-02-19T07:51:46 IST" name="driverQuitandClose" finished-at="2025-02-19T07:51:47 IST" duration-ms="783" status="PASS">
          <reporter-output>
          </reporter-output>
        </test-method> <!-- driverQuitandClose -->
      </class> <!-- test_script.ManageNewsTest -->
    </test> <!-- Default test -->
  </suite> <!-- Default suite -->
</testng-results>
