<?xml version="1.0" encoding="UTF-8"?>
<!-- Generated by org.testng.reporters.JUnitXMLReporter -->
<testsuite ignored="0" hostname="Vamika" failures="0" tests="4" name="Test" time="45.754" errors="0" timestamp="2025-02-26T12:46:59 IST">
  <testcase classname="test_script.ManageCategoryTest" name="verifyThatUserCanDeleteCategorySuccessfully" time="1.157">
    <skipped/>
  </testcase> <!-- verifyThatUserCanDeleteCategorySuccessfully -->
  <testcase classname="test_script.ManageNewsTest" name="verifyThatUserCanCreateNewsSuccessfully" time="1.644">
    <skipped/>
  </testcase> <!-- verifyThatUserCanCreateNewsSuccessfully -->
  <testcase classname="test_script.ManageCategoryTest" name="verifyThatUserCanDeleteCategorySuccessfully" time="13.678"/>
  <testcase classname="test_script.ManageNewsTest" name="verifyThatUserCanCreateNewsSuccessfully" time="13.507"/>
</testsuite> <!-- Test -->
