<?xml version="1.0" encoding="UTF-8"?>
<!-- Generated by org.testng.reporters.JUnitXMLReporter -->
<testsuite ignored="0" hostname="Vamika" failures="0" tests="2" name="Default test" time="18.609" errors="0" timestamp="2025-02-20T07:54:11 IST">
  <testcase classname="test_script.AdminUserTest" name="verifyWhetherSaveButtonIsDisplayed" time="3.06"/>
  <testcase classname="test_script.AdminUserTest" name="verifythatUsercanAddAdminUsersInformationsSuccessfully" time="4.414"/>
</testsuite> <!-- Default test -->
